<?xml version="1.0" encoding="UTF-8"?>
<testsuite xmlns:xsi="http://www.w3.org/2001/XMLSchema-instance" xsi:noNamespaceSchemaLocation="https://maven.apache.org/surefire/maven-surefire-plugin/xsd/surefire-test-report-3.0.xsd" version="3.0" name="com.example.drugapprovalsystem.DrugapprovalsystemApplicationTests" time="21.684" tests="1" errors="0" skipped="0" failures="0">
  <properties>
[...]
</properties>
  <testcase name="contextLoads" classname="com.example.drugapprovalsystem.DrugapprovalsystemApplicationTests" time="1.431">
    <system-out><![CDATA[11:29:59.625 [main] INFO org.springframework.test.context.support.AnnotationConfigContextLoaderUtils -- Could not detect default configuration classes for test class [com.example.drugapprovalsystem.DrugapprovalsystemApplicationTests]: DrugapprovalsystemApplicationTests does not declare any static, non-private, non-final, nested classes annotated with @Configuration.
11:29:59.882 [main] INFO org.springframework.boot.test.context.SpringBootTestContextBootstrapper -- Found @SpringBootConfiguration com.example.drugapprovalsystem.DrugapprovalsystemApplication for test class com.example.drugapprovalsystem.DrugapprovalsystemApplicationTests
11:30:00.291 [main] INFO org.springframework.boot.devtools.restart.RestartApplicationListener -- Restart disabled due to context in which it is running

  .   ____          _            __ _ _
 /\\ / ___'_ __ _ _(_)_ __  __ _ \ \ \ \
( ( )\___ | '_ | '_| | '_ \/ _` | \ \ \ \
 \\/  ___)| |_)| | | | | || (_| |  ) ) ) )
  '  |____| .__|_| |_|_| |_\__, | / / / /
 =========|_|==============|___/=/_/_/_/
 :: Spring Boot ::                (v3.1.8)

2024-01-21T11:30:00.786+07:00  INFO 12688 --- [           main] c.e.d.DrugapprovalsystemApplicationTests : Starting DrugapprovalsystemApplicationTests using Java 17.0.10 with PID 12688 (started by X in C:\Users\X\Documents\GitHub\drug-approval-system)
2024-01-21T11:30:00.788+07:00  INFO 12688 --- [           main] c.e.d.DrugapprovalsystemApplicationTests : No active profile set, falling back to 1 default profile: "default"
2024-01-21T11:30:02.455+07:00  INFO 12688 --- [           main] .s.d.r.c.RepositoryConfigurationDelegate : Bootstrapping Spring Data JPA repositories in DEFAULT mode.
2024-01-21T11:30:02.597+07:00  INFO 12688 --- [           main] .s.d.r.c.RepositoryConfigurationDelegate : Finished Spring Data repository scanning in 125 ms. Found 2 JPA repository interfaces.
2024-01-21T11:30:03.824+07:00  INFO 12688 --- [           main] o.hibernate.jpa.internal.util.LogHelper  : HHH000204: Processing PersistenceUnitInfo [name: default]
2024-01-21T11:30:03.960+07:00  INFO 12688 --- [           main] org.hibernate.Version                    : HHH000412: Hibernate ORM core version 6.3.1.Final
2024-01-21T11:30:04.032+07:00  INFO 12688 --- [           main] o.h.c.internal.RegionFactoryInitiator    : HHH000026: Second-level cache disabled
2024-01-21T11:30:04.681+07:00  INFO 12688 --- [           main] o.s.o.j.p.SpringPersistenceUnitInfo      : No LoadTimeWeaver setup: ignoring JPA class transformer
2024-01-21T11:30:04.723+07:00  INFO 12688 --- [           main] com.zaxxer.hikari.HikariDataSource       : HikariPool-1 - Starting...
2024-01-21T11:30:07.095+07:00  INFO 12688 --- [           main] com.zaxxer.hikari.pool.HikariPool        : HikariPool-1 - Added connection com.mysql.cj.jdbc.ConnectionImpl@11ad095c
2024-01-21T11:30:07.097+07:00  INFO 12688 --- [           main] com.zaxxer.hikari.HikariDataSource       : HikariPool-1 - Start completed.
2024-01-21T11:30:07.417+07:00  WARN 12688 --- [           main] org.hibernate.orm.deprecation            : HHH90000025: MySQLDialect does not need to be specified explicitly using 'hibernate.dialect' (remove the property setting and it will be selected by default)
2024-01-21T11:30:10.239+07:00  INFO 12688 --- [           main] o.h.e.t.j.p.i.JtaPlatformInitiator       : HHH000489: No JTA platform available (set 'hibernate.transaction.jta.platform' to enable JTA platform integration)
2024-01-21T11:30:16.545+07:00  INFO 12688 --- [           main] j.LocalContainerEntityManagerFactoryBean : Initialized JPA EntityManagerFactory for persistence unit 'default'
2024-01-21T11:30:17.779+07:00  WARN 12688 --- [           main] JpaBaseConfiguration$JpaWebConfiguration : spring.jpa.open-in-view is enabled by default. Therefore, database queries may be performed during view rendering. Explicitly configure spring.jpa.open-in-view to disable this warning
2024-01-21T11:30:18.482+07:00  INFO 12688 --- [           main] o.s.s.web.DefaultSecurityFilterChain     : Will secure any request with [org.springframework.security.web.session.DisableEncodeUrlFilter@5c3ad125, org.springframework.security.web.context.request.async.WebAsyncManagerIntegrationFilter@145ce025, org.springframework.security.web.context.SecurityContextHolderFilter@7104b117, org.springframework.security.web.header.HeaderWriterFilter@4822d7a1, org.springframework.security.web.authentication.logout.LogoutFilter@2a0d8df8, com.example.drugapprovalsystem.config.JwtAuthFilter@489c15e2, org.springframework.security.web.savedrequest.RequestCacheAwareFilter@cd9ce76, org.springframework.security.web.servletapi.SecurityContextHolderAwareRequestFilter@6bab373c, org.springframework.security.web.authentication.AnonymousAuthenticationFilter@1deca369, org.springframework.security.web.session.SessionManagementFilter@740530b, org.springframework.security.web.access.ExceptionTranslationFilter@fdeec12, org.springframework.security.web.access.intercept.AuthorizationFilter@1c4a8c93]
2024-01-21T11:30:19.345+07:00  INFO 12688 --- [           main] c.e.d.DrugapprovalsystemApplicationTests : Started DrugapprovalsystemApplicationTests in 19.08 seconds (process running for 21.306)
]]></system-out>
  </testcase>
</testsuite>